Traceback (most recent call last):
  File "C:\Users\HOME\value-investing-analyzer\backend\.venv\Lib\site-packages\urllib3\response.py", line 905, in _error_catcher
    yield
  File "C:\Users\HOME\value-investing-analyzer\backend\.venv\Lib\site-packages\urllib3\response.py", line 1430, in read_chunked
    self._update_chunk_length()
  File "C:\Users\HOME\value-investing-analyzer\backend\.venv\Lib\site-packages\urllib3\response.py", line 1343, in _update_chunk_length
    line = self._fp.fp.readline()  # type: ignore[union-attr]
           ^^^^^^^^^^^^^^^^^^^^^^
  File "C:\Users\HOME\AppData\Local\Programs\Python\Python312\Lib\socket.py", line 720, in readinto
    return self._sock.recv_into(b)
           ^^^^^^^^^^^^^^^^^^^^^^^
  File "C:\Users\HOME\AppData\Local\Programs\Python\Python312\Lib\ssl.py", line 1251, in recv_into
    return self.read(nbytes, buffer)
           ^^^^^^^^^^^^^^^^^^^^^^^^^
  File "C:\Users\HOME\AppData\Local\Programs\Python\Python312\Lib\ssl.py", line 1103, in read
    return self._sslobj.read(len, buffer)
           ^^^^^^^^^^^^^^^^^^^^^^^^^^^^^^
TimeoutError: The read operation timed out

The above exception was the direct cause of the following exception:

Traceback (most recent call last):
  File "C:\Users\HOME\value-investing-analyzer\backend\.venv\Lib\site-packages\requests\models.py", line 820, in generate
    yield from self.raw.stream(chunk_size, decode_content=True)
  File "C:\Users\HOME\value-investing-analyzer\backend\.venv\Lib\site-packages\urllib3\response.py", line 1260, in stream
    yield from self.read_chunked(amt, decode_content=decode_content)
  File "C:\Users\HOME\value-investing-analyzer\backend\.venv\Lib\site-packages\urllib3\response.py", line 1407, in read_chunked
    with self._error_catcher():
         ^^^^^^^^^^^^^^^^^^^^^
  File "C:\Users\HOME\AppData\Local\Programs\Python\Python312\Lib\contextlib.py", line 158, in __exit__
    self.gen.throw(value)
  File "C:\Users\HOME\value-investing-analyzer\backend\.venv\Lib\site-packages\urllib3\response.py", line 910, in _error_catcher
    raise ReadTimeoutError(self._pool, None, "Read timed out.") from e  # type: ignore[arg-type]
    ^^^^^^^^^^^^^^^^^^^^^^^^^^^^^^^^^^^^^^^^^^^^^^^^^^^^^^^^^^^^^^^^^^
urllib3.exceptions.ReadTimeoutError: HTTPSConnectionPool(host='data.sec.gov', port=443): Read timed out.

During handling of the above exception, another exception occurred:

Traceback (most recent call last):
  File "C:\Users\HOME\value-investing-analyzer\backend\scripts\overnight_build.py", line 329, in <module>
    main()
  File "C:\Users\HOME\value-investing-analyzer\backend\scripts\overnight_build.py", line 291, in main
    if fetch_edgar(sym):
       ^^^^^^^^^^^^^^^^
  File "C:\Users\HOME\value-investing-analyzer\backend\scripts\overnight_build.py", line 104, in fetch_edgar
    facts = fetch_company_facts(sym)
            ^^^^^^^^^^^^^^^^^^^^^^^^
  File "C:\Users\HOME\value-investing-analyzer\backend\services\edgar_provider.py", line 82, in fetch_company_facts
    return _get(f"{SEC_BASE}/api/xbrl/companyfacts/CIK{cik}.json")
           ^^^^^^^^^^^^^^^^^^^^^^^^^^^^^^^^^^^^^^^^^^^^^^^^^^^^^^^
  File "C:\Users\HOME\value-investing-analyzer\backend\services\edgar_provider.py", line 51, in _get
    resp = requests.get(url, headers={"User-Agent": _user_agent()}, timeout=90)
           ^^^^^^^^^^^^^^^^^^^^^^^^^^^^^^^^^^^^^^^^^^^^^^^^^^^^^^^^^^^^^^^^^^^^
  File "C:\Users\HOME\value-investing-analyzer\backend\.venv\Lib\site-packages\requests\api.py", line 73, in get
    return request("get", url, params=params, **kwargs)
           ^^^^^^^^^^^^^^^^^^^^^^^^^^^^^^^^^^^^^^^^^^^^
  File "C:\Users\HOME\value-investing-analyzer\backend\.venv\Lib\site-packages\requests\api.py", line 59, in request
    return session.request(method=method, url=url, **kwargs)
           ^^^^^^^^^^^^^^^^^^^^^^^^^^^^^^^^^^^^^^^^^^^^^^^^^
  File "C:\Users\HOME\value-investing-analyzer\backend\.venv\Lib\site-packages\requests\sessions.py", line 589, in request
    resp = self.send(prep, **send_kwargs)
           ^^^^^^^^^^^^^^^^^^^^^^^^^^^^^^
  File "C:\Users\HOME\value-investing-analyzer\backend\.venv\Lib\site-packages\requests\sessions.py", line 746, in send
    r.content
  File "C:\Users\HOME\value-investing-analyzer\backend\.venv\Lib\site-packages\requests\models.py", line 902, in content
    self._content = b"".join(self.iter_content(CONTENT_CHUNK_SIZE)) or b""
                    ^^^^^^^^^^^^^^^^^^^^^^^^^^^^^^^^^^^^^^^^^^^^^^^
  File "C:\Users\HOME\value-investing-analyzer\backend\.venv\Lib\site-packages\requests\models.py", line 826, in generate
    raise ConnectionError(e)
requests.exceptions.ConnectionError: HTTPSConnectionPool(host='data.sec.gov', port=443): Read timed out.
