[00:38:29] ============================================================
[00:38:29] OVERNIGHT BUILD START · budget 5.75h · FMP=NO (fundamentals+consensus only)
[00:38:29] Mode: EDGAR-only (recommended free overnight)
[00:38:29] SEC User-Agent: ThesisTool jairo.ubaldo.d@…
[00:39:32] SEC preflight OK (test fetch AAPL)
[00:39:32] Cached EDGAR: 51 · Missing: 452 · S&P total: 503
[00:39:32] EDGAR phase: up to ~224 tickers before deadline (~92s each)…
[00:40:54] EDGAR OK A (19 yrs) 83s
[00:41:45] EDGAR OK ABBV (15 yrs) 51s
[00:42:06] EDGAR OK ABNB (7 yrs) 21s
[00:43:02] EDGAR OK ABT (19 yrs) 56s
[00:44:24] EDGAR OK ACGL (18 yrs) 82s
[00:45:37] EDGAR OK ADI (19 yrs) 73s
[00:46:53] EDGAR OK ADM (19 yrs) 76s
[00:48:12] EDGAR OK ADP (18 yrs) 79s
[00:49:21] EDGAR OK ADSK (19 yrs) 69s
[00:50:29] EDGAR OK AEE (19 yrs) 68s
[00:51:58] EDGAR OK AEP (19 yrs) 89s
[00:53:49] EDGAR OK AES (17 yrs) 111s
[00:55:23] EDGAR OK AFL (19 yrs) 94s
[00:57:28] EDGAR OK AIG (19 yrs) 125s
[00:58:57] EDGAR OK AIZ (19 yrs) 89s
[01:00:10] EDGAR OK AJG (18 yrs) 72s
[01:01:19] EDGAR OK AKAM (11 yrs) 70s
[01:02:40] EDGAR OK ALB (18 yrs) 81s
[01:03:40] EDGAR OK ALGN (18 yrs) 60s
[01:05:24] EDGAR OK ALL (19 yrs) 104s
[01:06:13] EDGAR OK ALLE (14 yrs) 49s
[01:06:49] EDGAR OK AMCR (9 yrs) 36s
[01:07:48] EDGAR OK AME (15 yrs) 59s
[01:08:49] EDGAR OK AMGN (19 yrs) 61s
[01:10:15] EDGAR OK AMP (19 yrs) 86s
[01:11:35] EDGAR OK AMT (19 yrs) 80s
[01:12:24] EDGAR OK ANET (14 yrs) 50s
[01:13:41] EDGAR OK AON (19 yrs) 77s
[01:14:38] EDGAR OK AOS (10 yrs) 56s
[01:15:04] EDGAR FAIL APA: No annual revenue facts in EDGAR payload
[01:16:37] EDGAR OK APD (19 yrs) 93s
[01:17:39] EDGAR OK APH (10 yrs) 62s
[01:18:05] EDGAR OK APO (6 yrs) 26s
[01:18:24] EDGAR OK APP (7 yrs) 19s
[01:19:39] EDGAR OK APTV (10 yrs) 75s
[01:20:43] EDGAR FAIL ARE: No annual revenue facts in EDGAR payload
[01:21:08] EDGAR OK ARES (14 yrs) 25s
[01:22:06] EDGAR OK ATO (10 yrs) 57s
[01:23:07] EDGAR OK AVB (19 yrs) 61s
[01:24:03] EDGAR OK AVY (18 yrs) 56s
[01:25:06] EDGAR OK AWK (15 yrs) 64s
[01:26:02] EDGAR OK AXON (16 yrs) 55s
[01:27:22] EDGAR OK AXP (12 yrs) 80s
[01:28:17] EDGAR OK AZO (18 yrs) 56s
[01:29:42] EDGAR OK BA (19 yrs) 84s
[01:30:46] EDGAR OK BALL (10 yrs) 64s
[01:32:03] EDGAR OK BAX (19 yrs) 77s
[01:33:10] EDGAR OK BBY (18 yrs) 67s
[01:34:07] EDGAR OK BDX (19 yrs) 57s
[01:35:19] EDGAR OK BEN (19 yrs) 72s
[01:36:08] EDGAR OK BF-B (9 yrs) 50s
[01:36:22] EDGAR OK BG (5 yrs) 14s
[01:37:38] EDGAR OK BIIB (19 yrs) 76s
[01:38:14] EDGAR OK BKR (11 yrs) 36s
[01:39:01] EDGAR OK BLDR (17 yrs) 47s
[01:39:10] EDGAR OK BLK (4 yrs) 10s
[01:40:43] EDGAR OK BMY (19 yrs) 92s
[01:42:49] EDGAR OK BNY (17 yrs) 127s
[01:43:49] EDGAR OK BR (17 yrs) 59s
[01:44:52] EDGAR OK BRO (18 yrs) 63s
[01:46:10] EDGAR OK BSX (19 yrs) 78s
[01:47:08] EDGAR OK BX (18 yrs) 57s
[01:48:19] EDGAR OK BXP (19 yrs) 71s
[01:50:32] EDGAR OK C (19 yrs) 133s
[01:51:59] EDGAR OK CAG (14 yrs) 86s
[01:53:05] EDGAR OK CAH (18 yrs) 66s
[01:53:40] EDGAR OK CARR (8 yrs) 35s
[01:54:19] EDGAR OK CASY (17 yrs) 40s
[01:55:47] EDGAR OK CB (19 yrs) 88s
[01:57:41] FATAL: Traceback (most recent call last):
  File "C:\Users\HOME\value-investing-analyzer\backend\.venv\Lib\site-packages\urllib3\response.py", line 905, in _error_catcher
    yield
  File "C:\Users\HOME\value-investing-analyzer\backend\.venv\Lib\site-packages\urllib3\response.py", line 1430, in read_chunked
    self._update_chunk_length()
  File "C:\Users\HOME\value-investing-analyzer\backend\.venv\Lib\site-packages\urllib3\response.py", line 1343, in _update_chunk_length
    line = self._fp.fp.readline()  # type: ignore[union-attr]
           ^^^^^^^^^^^^^^^^^^^^^^
  File "C:\Users\HOME\AppData\Local\Programs\Python\Python312\Lib\socket.py", line 720, in readinto
    return self._sock.recv_into(b)
           ^^^^^^^^^^^^^^^^^^^^^^^
  File "C:\Users\HOME\AppData\Local\Programs\Python\Python312\Lib\ssl.py", line 1251, in recv_into
    return self.read(nbytes, buffer)
           ^^^^^^^^^^^^^^^^^^^^^^^^^
  File "C:\Users\HOME\AppData\Local\Programs\Python\Python312\Lib\ssl.py", line 1103, in read
    return self._sslobj.read(len, buffer)
           ^^^^^^^^^^^^^^^^^^^^^^^^^^^^^^
TimeoutError: The read operation timed out

The above exception was the direct cause of the following exception:

Traceback (most recent call last):
  File "C:\Users\HOME\value-investing-analyzer\backend\.venv\Lib\site-packages\requests\models.py", line 820, in generate
    yield from self.raw.stream(chunk_size, decode_content=True)
  File "C:\Users\HOME\value-investing-analyzer\backend\.venv\Lib\site-packages\urllib3\response.py", line 1260, in stream
    yield from self.read_chunked(amt, decode_content=decode_content)
  File "C:\Users\HOME\value-investing-analyzer\backend\.venv\Lib\site-packages\urllib3\response.py", line 1407, in read_chunked
    with self._error_catcher():
         ^^^^^^^^^^^^^^^^^^^^^
  File "C:\Users\HOME\AppData\Local\Programs\Python\Python312\Lib\contextlib.py", line 158, in __exit__
    self.gen.throw(value)
  File "C:\Users\HOME\value-investing-analyzer\backend\.venv\Lib\site-packages\urllib3\response.py", line 910, in _error_catcher
    raise ReadTimeoutError(self._pool, None, "Read timed out.") from e  # type: ignore[arg-type]
    ^^^^^^^^^^^^^^^^^^^^^^^^^^^^^^^^^^^^^^^^^^^^^^^^^^^^^^^^^^^^^^^^^^
urllib3.exceptions.ReadTimeoutError: HTTPSConnectionPool(host='data.sec.gov', port=443): Read timed out.

During handling of the above exception, another exception occurred:

Traceback (most recent call last):
  File "C:\Users\HOME\value-investing-analyzer\backend\scripts\overnight_build.py", line 329, in <module>
    main()
  File "C:\Users\HOME\value-investing-analyzer\backend\scripts\overnight_build.py", line 291, in main
    if fetch_edgar(sym):
       ^^^^^^^^^^^^^^^^
  File "C:\Users\HOME\value-investing-analyzer\backend\scripts\overnight_build.py", line 104, in fetch_edgar
    facts = fetch_company_facts(sym)
            ^^^^^^^^^^^^^^^^^^^^^^^^
  File "C:\Users\HOME\value-investing-analyzer\backend\services\edgar_provider.py", line 82, in fetch_company_facts
    return _get(f"{SEC_BASE}/api/xbrl/companyfacts/CIK{cik}.json")
           ^^^^^^^^^^^^^^^^^^^^^^^^^^^^^^^^^^^^^^^^^^^^^^^^^^^^^^^
  File "C:\Users\HOME\value-investing-analyzer\backend\services\edgar_provider.py", line 51, in _get
    resp = requests.get(url, headers={"User-Agent": _user_agent()}, timeout=90)
           ^^^^^^^^^^^^^^^^^^^^^^^^^^^^^^^^^^^^^^^^^^^^^^^^^^^^^^^^^^^^^^^^^^^^
  File "C:\Users\HOME\value-investing-analyzer\backend\.venv\Lib\site-packages\requests\api.py", line 73, in get
    return request("get", url, params=params, **kwargs)
           ^^^^^^^^^^^^^^^^^^^^^^^^^^^^^^^^^^^^^^^^^^^^
  File "C:\Users\HOME\value-investing-analyzer\backend\.venv\Lib\site-packages\requests\api.py", line 59, in request
    return session.request(method=method, url=url, **kwargs)
           ^^^^^^^^^^^^^^^^^^^^^^^^^^^^^^^^^^^^^^^^^^^^^^^^^
  File "C:\Users\HOME\value-investing-analyzer\backend\.venv\Lib\site-packages\requests\sessions.py", line 589, in request
    resp = self.send(prep, **send_kwargs)
           ^^^^^^^^^^^^^^^^^^^^^^^^^^^^^^
  File "C:\Users\HOME\value-investing-analyzer\backend\.venv\Lib\site-packages\requests\sessions.py", line 746, in send
    r.content
  File "C:\Users\HOME\value-investing-analyzer\backend\.venv\Lib\site-packages\requests\models.py", line 902, in content
    self._content = b"".join(self.iter_content(CONTENT_CHUNK_SIZE)) or b""
                    ^^^^^^^^^^^^^^^^^^^^^^^^^^^^^^^^^^^^^^^^^^^^^^^
  File "C:\Users\HOME\value-investing-analyzer\backend\.venv\Lib\site-packages\requests\models.py", line 826, in generate
    raise ConnectionError(e)
requests.exceptions.ConnectionError: HTTPSConnectionPool(host='data.sec.gov', port=443): Read timed out.

